* using log directory ‘/home/pierre/Documents/Master/Semestre_1/R/projet/PLSDA_R_Package/plslda5.Rcheck’
* using R version 4.2.2 (2022-10-31)
* using platform: x86_64-pc-linux-gnu (64-bit)
* using session charset: UTF-8
* checking for file ‘plslda5/DESCRIPTION’ ... OK
* checking extension type ... Package
* this is package ‘plslda5’ version ‘0.1.0’
* package encoding: UTF-8
* checking package namespace information ... OK
* checking package dependencies ... OK
* checking if this is a source package ... OK
* checking if there is a namespace ... OK
* checking for executable files ... OK
* checking for hidden files and directories ... OK
* checking for portable file names ... OK
* checking for sufficient/correct file permissions ... OK
* checking whether package ‘plslda5’ can be installed ... OK
* checking installed package size ... OK
* checking package directory ... OK
* checking DESCRIPTION meta-information ... NOTE
Spécification de licence non standard :
  What license is it under?
Standardisable : FALSE
* checking top-level files ... OK
* checking for left-over files ... OK
* checking index information ... OK
* checking package subdirectories ... OK
* checking R files for non-ASCII characters ... WARNING
Found the following files with non-ASCII characters:
  fit.R
  metrics.R
  plots.R
  scale.r
  sel_forward.R
  split_sample.r
  summary.R
Portable packages must use only ASCII characters in their R code,
except perhaps in comments.
Use \uxxxx escapes for other characters.
* checking R files for syntax errors ... OK
* checking whether the package can be loaded ... OK
* checking whether the package can be loaded with stated dependencies ... OK
* checking whether the package can be unloaded cleanly ... OK
* checking whether the namespace can be loaded with stated dependencies ... OK
* checking whether the namespace can be unloaded cleanly ... OK
* checking loading without being on the library search path ... OK
* checking dependencies in R code ... NOTE
importations '::' ou ':::' non déclarées depuis : ‘plyr’
* checking S3 generic/method consistency ... WARNING
print:
  function(x, ...)
print.PLSDA:
  function(object, ...)

See section ‘Generic functions and methods’ in the ‘Writing R
Extensions’ manual.

Found the following apparent S3 methods exported but not registered:
  print.PLSDA summary.PLSDA
See section ‘Registering S3 methods’ in the ‘Writing R Extensions’
manual.
* checking replacement functions ... OK
* checking foreign function calls ... OK
* checking R code for possible problems ... NOTE
cercle_correlation.PLSDA: no visible binding for global variable ‘y’
correlationplot.PLSDA: no visible global function definition for ‘cor’
plslda.cv: no visible global function definition for ‘model.matrix’
plslda.cv: no visible global function definition for ‘model.response’
plslda.cv: no visible global function definition for ‘model.frame’
plslda.cv: no visible global function definition for ‘plsda.dummies’
plslda.fit: no visible global function definition for ‘model.matrix’
plslda.fit: no visible global function definition for ‘model.response’
plslda.fit: no visible global function definition for ‘model.frame’
plslda.fit: no visible binding for global variable ‘var’
plslda.fit: no visible global function definition for ‘aggregate’
plslda.fit: no visible binding for global variable ‘cov’
plslda.fit: no visible binding for global variable ‘sd’
plslda.nipals: no visible global function definition for ‘cor’
plslda.scale: no visible binding for global variable ‘x’
plslda.scale : <anonymous>: no visible binding for global variable
  ‘var’
plslda.split_sample: no visible global function definition for
  ‘model.matrix’
plslda.split_sample: no visible global function definition for
  ‘model.response’
plslda.split_sample: no visible global function definition for
  ‘model.frame’
propz.PLSDA: no visible binding for global variable ‘R2Ycum’
sel.forward: no visible global function definition for ‘model.matrix’
sel.forward: no visible global function definition for ‘model.response’
sel.forward: no visible global function definition for ‘model.frame’
sel.forward : <anonymous>: no visible global function definition for
  ‘cov’
sel.forward: no visible global function definition for ‘cov’
sel.forward: no visible global function definition for ‘pf’
Undefined global functions or variables:
  R2Ycum aggregate cor cov model.frame model.matrix model.response pf
  plsda.dummies sd var x y
Consider adding
  importFrom("stats", "aggregate", "cor", "cov", "model.frame",
             "model.matrix", "model.response", "pf", "sd", "var")
to your NAMESPACE file.
* checking Rd files ... WARNING
prepare_Rd: ./man/plslda.split_sample.Rd:17: unexpected section header '\value'
prepare_Rd: ./man/plslda.split_sample.Rd:20: unexpected section header '\description'
prepare_Rd: ./man/plslda.split_sample.Rd:24: unexpected section header '\examples'
prepare_Rd: ./man/plslda.split_sample.Rd:37: unexpected END_OF_INPUT '
'
checkRd: (5) plslda.split_sample.Rd:0-38: Must have a \description
* checking Rd metadata ... OK
* checking Rd cross-references ... OK
* checking for missing documentation entries ... WARNING
Objets code non documentés :
  ‘correlationplot.PLSDA’ ‘plan_factoriel.PLSDA’ ‘propz.PLSDA’
All user-level objects in a package should have documentation entries.
See chapter ‘Writing R documentation files’ in the ‘Writing R
Extensions’ manual.
* checking for code/documentation mismatches ... WARNING
Erreurs 'codoc' pour la documentation de l'objet 'plslda.predict' :
plslda.predict
  Code : function(object, newdata)
  Docs : function(ObjectPLSDA, newdata)
  Noms d'arguments dans le code mais pas dans la doc :
    object
  Noms d'arguments dans la doc mais pas dans le code :
    ObjectPLSDA
  Incohérence dans le nom des arguments :
    Position: 1 Code: object Docs: ObjectPLSDA

* checking Rd \usage sections ... WARNING
Arguments non documentés dans la documentation de l'objet 'plslda.predict'
  ‘ObjectPLSDA’
Arguments documentés non repris dans \usage pour la documentation de l'objet 'plslda.predict' :
  ‘plsda’

Arguments non documentés dans la documentation de l'objet 'print.PLSDA'
  ‘object’ ‘...’
Arguments documentés non repris dans \usage pour la documentation de l'objet 'print.PLSDA' :
  ‘a’

Arguments non documentés dans la documentation de l'objet 'summary.PLSDA'
  ‘object’ ‘...’
Arguments documentés non repris dans \usage pour la documentation de l'objet 'summary.PLSDA' :
  ‘a’

Mauvaises lignes \usage trouvées dans la documentation de l'objet 'plslda.fit' :
  plslda.fit <- function(formula, data, ncomp = 2, max.iter = 100,tol = 1e-06)

Functions with \usage entries need to have the appropriate \alias
entries, and all their arguments documented.
The \usage entries must correspond to syntactically valid R code.
See chapter ‘Writing R documentation files’ in the ‘Writing R
Extensions’ manual.
* checking Rd contents ... WARNING
Arguments sans description dans l'objet Rd 'cercle_correlation.PLSDA' :
  ‘object’

* checking for unstated dependencies in examples ... WARNING
Avis : erreur d'analyse de code dans le fichier 'lines' :
2: symbole inattendu
83: 
84: 1st
     ^
* checking examples ... ERROR
Running examples in ‘plslda5-Ex.R’ failed
The error most likely occurred in:

> ### Name: cercle_correlation.PLSDA
> ### Title: Plots
> ### Aliases: cercle_correlation.PLSDA
> 
> ### ** Examples
> 
> data(iris)
> formule = Species~.
> object = plslda.fit(formula=formule, data=iris)
Error in loadNamespace(x) : there is no package called ‘plyr’
Calls: plslda.fit ... loadNamespace -> withRestarts -> withOneRestart -> doWithOneRestart
Execution halted
* checking PDF version of manual ... OK
* DONE
Status: 1 ERROR, 8 WARNINGs, 3 NOTEs
